<?xml version="1.0" encoding="utf-8"?><testsuites name="pytest tests"><testsuite name="pytest" errors="0" failures="0" skipped="0" tests="8" time="8.180" timestamp="2026-09-04T12:27:27.087502+00:00" hostname="agent-env-4e221aeb-bfc3-4a65-98b1-44bef4fac5c1"><testcase classname="tests.test_inventory_value.TestSkinsSellWithdraw" name="test_auth_me_has_skins" time="0.911" /><testcase classname="tests.test_inventory_value.TestSkinsSellWithdraw" name="test_sell_single_skin" time="1.061" /><testcase classname="tests.test_inventory_value.TestSkinsSellWithdraw" name="test_withdraw_single_skin" time="1.103" /><testcase classname="tests.test_inventory_value.TestSkinsSellWithdraw" name="test_sell_all" time="0.863" /><testcase classname="tests.test_inventory_value.TestSkinsSellWithdraw" name="test_sell_unknown_uid" time="0.826" /><testcase classname="tests.test_inventory_value.TestSkinsSellWithdraw" name="test_sell_requires_auth" time="0.795" /><testcase classname="tests.test_inventory_value.TestSkinsSellWithdraw" name="test_sell_invalid_payload" time="0.894" /><testcase classname="tests.test_inventory_value.TestSkinsSellWithdraw" name="test_double_sell_same_uid" time="1.085" /></testsuite></testsuites>