<?xml version="1.0" encoding="utf-8"?><testsuites name="pytest tests"><testsuite name="pytest" errors="0" failures="0" skipped="0" tests="9" time="29.286" timestamp="2026-09-04T19:48:19.207770+00:00" hostname="agent-env-4e221aeb-bfc3-4a65-98b1-44bef4fac5c1"><testcase classname="tests.test_iteration12.TestGameConfig" name="test_game_config" time="0.178" /><testcase classname="tests.test_iteration12.TestUpgradeValidation" name="test_chance_formula" time="0.132" /><testcase classname="tests.test_iteration12.TestUpgradeValidation" name="test_bet_above_max_ratio" time="0.150" /><testcase classname="tests.test_iteration12.TestUpgradeValidation" name="test_chance_below_min" time="0.165" /><testcase classname="tests.test_iteration12.TestFairness" name="test_300_spins" time="27.085" /><testcase classname="tests.test_iteration12.TestSolvency" name="test_solvency_refusal_and_cheap_ok" time="0.754" /><testcase classname="tests.test_iteration12.TestAdmin" name="test_bank_settings_only_rtp" time="0.075" /><testcase classname="tests.test_iteration12.TestAdmin" name="test_put_rtp_and_config_reflects" time="0.540" /><testcase classname="tests.test_iteration12.TestAdmin" name="test_players_no_cycle" time="0.067" /></testsuite></testsuites>