<?xml version="1.0" encoding="utf-8"?><testsuites name="pytest tests"><testsuite name="pytest" errors="0" failures="1" skipped="0" tests="10" time="2.151" timestamp="2026-09-04T13:23:40.141159+00:00" hostname="agent-env-4e221aeb-bfc3-4a65-98b1-44bef4fac5c1"><testcase classname="tests.test_iteration11.TestPublicProfile" name="test_ok" time="0.352" /><testcase classname="tests.test_iteration11.TestPromo" name="test_gold_promo_lowercase" time="0.454" /><testcase classname="tests.test_iteration11.TestPublicProfile" name="test_drops_have_no_session_id_leak" time="0.236"><failure message="AssertionError: drops[] exposes internal session_id&#10;assert not [{'id': '9262bbbe-9cac-4958-8bff-4948c7fec8d6', 'session_id': 'discord_test_1', 'nickname': 'Tester', 'item_name': 'Glove Case 2', ...}, {'id': 'dbd3739e-d38a-4040-8e87-d83902e6f319', 'session_id': 'discord_test_1', 'nickname': 'Tester', 'item_name': 'Case #1', ...}, {'id': '444d8da5-d610-4f38-8e21-d3b02e2ebec1', 'session_id': 'discord_test_1', 'nickname': 'Tester', 'item_name': 'Anodized Red', ...}, {'id': '3cef773a-6635-4b41-808e-5b1a9e6ef39d', 'session_id': 'discord_test_1', 'nickname': 'Tester', 'item_name': 'Medal.tv', ...}, {'id': '4d120e0b-b419-4c14-aace-83be20ce885a', 'session_id': 'discord_test_1', 'nickname': 'Tester', 'item_name': 'Anodized Red', ...}, {'id': 'e79bc632-6d49-42e4-93c4-aff250bdfb1f', 'session_id': 'discord_test_1', 'nickname': 'Tester', 'item_name': 'Anodized Red', ...}, ...]">tests/test_iteration11.py:143: in test_drops_have_no_session_id_leak
    assert not leaked, "drops[] exposes internal session_id"
E   AssertionError: drops[] exposes internal session_id
E   assert not [{'id': '9262bbbe-9cac-4958-8bff-4948c7fec8d6', 'session_id': 'discord_test_1', 'nickname': 'Tester', 'item_name': 'Glove Case 2', ...}, {'id': 'dbd3739e-d38a-4040-8e87-d83902e6f319', 'session_id': 'discord_test_1', 'nickname': 'Tester', 'item_name': 'Case #1', ...}, {'id': '444d8da5-d610-4f38-8e21-d3b02e2ebec1', 'session_id': 'discord_test_1', 'nickname': 'Tester', 'item_name': 'Anodized Red', ...}, {'id': '3cef773a-6635-4b41-808e-5b1a9e6ef39d', 'session_id': 'discord_test_1', 'nickname': 'Tester', 'item_name': 'Medal.tv', ...}, {'id': '4d120e0b-b419-4c14-aace-83be20ce885a', 'session_id': 'discord_test_1', 'nickname': 'Tester', 'item_name': 'Anodized Red', ...}, {'id': 'e79bc632-6d49-42e4-93c4-aff250bdfb1f', 'session_id': 'discord_test_1', 'nickname': 'Tester', 'item_name': 'Anodized Red', ...}, ...]</failure></testcase><testcase classname="tests.test_iteration11.TestPromo" name="test_sinzuku_no_gold" time="0.289" /><testcase classname="tests.test_iteration11.TestPublicProfile" name="test_unknown_404" time="0.182" /><testcase classname="tests.test_iteration11.TestPromo" name="test_unknown_code" time="0.095" /><testcase classname="tests.test_iteration11.TestLiveDrops" name="test_enriched" time="0.216" /><testcase classname="tests.test_iteration11.TestPromo" name="test_promo_requires_auth" time="0.260" /><testcase classname="tests.test_iteration11.TestLiveDrops" name="test_limit_param" time="0.144" /><testcase classname="tests.test_iteration11.TestPromo" name="test_no_balance_leak_after_gold" time="0.243" /></testsuite></testsuites>