<?xml version="1.0" encoding="utf-8"?><testsuites name="pytest tests"><testsuite name="pytest" errors="0" failures="0" skipped="0" tests="4" time="8.598" timestamp="2026-09-04T12:44:13.124508+00:00" hostname="agent-env-4e221aeb-bfc3-4a65-98b1-44bef4fac5c1"><testcase classname="tests.test_post_reset.TestPostReset" name="test_01_clean_state" time="0.505" /><testcase classname="tests.test_post_reset.TestPostReset" name="test_02_bank_zero_denies_payout" time="0.662" /><testcase classname="tests.test_post_reset.TestPostReset" name="test_03_wins_happen_with_bank_headroom" time="5.971" /><testcase classname="tests.test_post_reset.TestPostReset" name="test_04_cleanup_and_verify" time="1.318" /></testsuite></testsuites>